TN:
SF:src/app/api/ocr/route.ts
FN:16,POST
FNF:1
FNH:0
FNDA:0,POST
DA:1,0
DA:3,0
DA:4,0
DA:11,0
DA:16,0
DA:17,0
DA:18,0
DA:24,0
DA:25,0
DA:29,0
DA:30,0
DA:31,0
DA:35,0
DA:39,0
DA:41,0
DA:46,0
DA:48,0
DA:49,0
LF:18
LH:0
BRDA:24,0,0,0
BRDA:24,0,1,0
BRDA:29,1,0,0
BRDA:29,1,1,0
BRDA:29,2,0,0
BRDA:29,2,1,0
BRDA:41,3,0,0
BRDA:41,3,1,0
BRF:8
BRH:0
end_of_record
TN:
SF:src/app/api/students/[id]/call/route.ts
FN:8,POST
FN:30,(anonymous_1)
FNF:2
FNH:0
FNDA:0,POST
FNDA:0,(anonymous_1)
DA:1,0
DA:3,0
DA:4,0
DA:5,0
DA:8,0
DA:12,0
DA:13,0
DA:15,0
DA:20,0
DA:21,0
DA:26,0
DA:27,0
DA:29,0
DA:30,0
DA:32,0
DA:33,0
DA:34,0
DA:36,0
DA:40,0
DA:52,0
DA:54,0
DA:56,0
DA:57,0
LF:23
LH:0
BRDA:20,0,0,0
BRDA:20,0,1,0
BRDA:26,1,0,0
BRDA:26,1,1,0
BRDA:32,2,0,0
BRDA:32,2,1,0
BRF:6
BRH:0
end_of_record
TN:
SF:src/app/api/students/[id]/chat/route.ts
FN:16,POST
FN:43,(anonymous_1)
FNF:2
FNH:0
FNDA:0,POST
FNDA:0,(anonymous_1)
DA:1,0
DA:3,0
DA:4,0
DA:5,0
DA:10,0
DA:14,0
DA:16,0
DA:20,0
DA:21,0
DA:22,0
DA:23,0
DA:25,0
DA:26,0
DA:29,0
DA:34,0
DA:35,0
DA:40,0
DA:41,0
DA:42,0
DA:43,0
DA:45,0
DA:47,0
DA:58,0
DA:59,0
DA:62,0
DA:65,0
DA:66,0
DA:68,0
DA:69,0
LF:29
LH:0
BRDA:23,0,0,0
BRDA:23,0,1,0
BRDA:25,1,0,0
BRDA:25,1,1,0
BRDA:34,2,0,0
BRDA:34,2,1,0
BRDA:40,3,0,0
BRDA:40,3,1,0
BRDA:45,4,0,0
BRDA:45,4,1,0
BRDA:58,5,0,0
BRDA:58,5,1,0
BRF:12
BRH:0
end_of_record
TN:
SF:src/app/api/students/[id]/exercise/next/route.ts
FN:8,GET
FNF:1
FNH:0
FNDA:0,GET
DA:1,0
DA:3,0
DA:4,0
DA:5,0
DA:8,0
DA:12,0
DA:13,0
DA:14,0
DA:15,0
DA:16,0
DA:22,0
DA:23,0
DA:24,0
DA:25,0
DA:27,0
DA:28,0
DA:32,0
DA:35,0
DA:39,0
DA:41,0
DA:46,0
DA:48,0
DA:49,0
LF:23
LH:0
BRDA:15,0,0,0
BRDA:15,0,1,0
BRDA:23,1,0,0
BRDA:23,1,1,0
BRDA:25,2,0,0
BRDA:25,2,1,0
BRF:6
BRH:0
end_of_record
TN:
SF:src/app/api/students/[id]/feed/route.ts
FN:7,GET
FNF:1
FNH:0
FNDA:0,GET
DA:1,0
DA:3,0
DA:4,0
DA:5,0
DA:7,0
DA:11,0
DA:12,0
DA:13,0
DA:17,0
DA:18,0
DA:21,0
DA:23,0
DA:24,0
LF:13
LH:0
BRDA:17,0,0,0
BRDA:17,0,1,0
BRDA:18,1,0,0
BRDA:18,1,1,0
BRF:4
BRH:0
end_of_record
TN:
SF:src/app/api/students/[id]/graph/route.ts
FN:9,GET
FN:30,(anonymous_1)
FN:35,(anonymous_2)
FN:48,(anonymous_3)
FN:49,(anonymous_4)
FNF:5
FNH:0
FNDA:0,GET
FNDA:0,(anonymous_1)
FNDA:0,(anonymous_2)
FNDA:0,(anonymous_3)
FNDA:0,(anonymous_4)
DA:1,0
DA:3,0
DA:4,0
DA:5,0
DA:6,0
DA:9,0
DA:13,0
DA:14,0
DA:16,0
DA:21,0
DA:22,0
DA:25,0
DA:26,0
DA:29,0
DA:30,0
DA:34,0
DA:35,0
DA:36,0
DA:37,0
DA:38,0
DA:48,0
DA:49,0
DA:51,0
DA:55,0
DA:57,0
DA:70,0
DA:72,0
DA:73,0
LF:28
LH:0
BRDA:21,0,0,0
BRDA:21,0,1,0
BRDA:37,1,0,0
BRDA:37,1,1,0
BRDA:48,2,0,0
BRDA:48,2,1,0
BRDA:51,3,0,0
BRDA:51,3,1,0
BRF:8
BRH:0
end_of_record
TN:
SF:src/app/api/students/[id]/reset/route.ts
FN:8,POST
FN:24,(anonymous_1)
FNF:2
FNH:0
FNDA:0,POST
FNDA:0,(anonymous_1)
DA:1,0
DA:3,0
DA:4,0
DA:5,0
DA:6,0
DA:8,0
DA:12,0
DA:14,0
DA:15,0
DA:16,0
DA:20,0
DA:21,0
DA:24,0
DA:25,0
DA:26,0
DA:30,0
DA:31,0
DA:32,0
DA:33,0
DA:34,0
DA:36,0
LF:21
LH:0
BRDA:15,0,0,0
BRDA:15,0,1,0
BRDA:20,1,0,0
BRDA:20,1,1,0
BRDA:25,2,0,0
BRDA:25,2,1,0
BRDA:33,3,0,0
BRDA:33,3,1,0
BRF:8
BRH:0
end_of_record
TN:
SF:src/app/api/students/[id]/submit/route.ts
FN:54,POST
FN:114,(anonymous_1)
FN:155,(anonymous_2)
FN:167,(anonymous_3)
FN:180,(anonymous_4)
FN:183,(anonymous_5)
FN:189,(anonymous_6)
FN:202,(anonymous_7)
FN:211,(anonymous_8)
FN:276,(anonymous_9)
FN:281,(anonymous_10)
FN:355,fallbackGrade
FN:388,fallbackDiagnosis
FN:389,(anonymous_13)
FNF:14
FNH:0
FNDA:0,POST
FNDA:0,(anonymous_1)
FNDA:0,(anonymous_2)
FNDA:0,(anonymous_3)
FNDA:0,(anonymous_4)
FNDA:0,(anonymous_5)
FNDA:0,(anonymous_6)
FNDA:0,(anonymous_7)
FNDA:0,(anonymous_8)
FNDA:0,(anonymous_9)
FNDA:0,(anonymous_10)
FNDA:0,fallbackGrade
FNDA:0,fallbackDiagnosis
FNDA:0,(anonymous_13)
DA:1,0
DA:8,0
DA:9,0
DA:21,0
DA:27,0
DA:28,0
DA:29,0
DA:30,0
DA:54,0
DA:58,0
DA:59,0
DA:60,0
DA:61,0
DA:63,0
DA:64,0
DA:70,0
DA:75,0
DA:76,0
DA:81,0
DA:82,0
DA:85,0
DA:86,0
DA:87,0
DA:88,0
DA:93,0
DA:94,0
DA:95,0
DA:111,0
DA:114,0
DA:128,0
DA:129,0
DA:132,0
DA:135,0
DA:140,0
DA:141,0
DA:144,0
DA:155,0
DA:156,0
DA:157,0
DA:158,0
DA:167,0
DA:168,0
DA:169,0
DA:177,0
DA:180,0
DA:182,0
DA:183,0
DA:186,0
DA:189,0
DA:191,0
DA:192,0
DA:195,0
DA:197,0
DA:198,0
DA:199,0
DA:202,0
DA:204,0
DA:206,0
DA:209,0
DA:211,0
DA:214,0
DA:216,0
DA:217,0
DA:219,0
DA:227,0
DA:229,0
DA:231,0
DA:245,0
DA:254,0
DA:256,0
DA:259,0
DA:262,0
DA:269,0
DA:270,0
DA:274,0
DA:276,0
DA:279,0
DA:280,0
DA:281,0
DA:284,0
DA:285,0
DA:286,0
DA:287,0
DA:290,0
DA:291,0
DA:294,0
DA:304,0
DA:306,0
DA:311,0
DA:312,0
DA:315,0
DA:316,0
DA:320,0
DA:321,0
DA:322,0
DA:324,0
DA:329,0
DA:330,0
DA:332,0
DA:333,0
DA:337,0
DA:346,0
DA:348,0
DA:349,0
DA:356,0
DA:357,0
DA:359,0
DA:360,0
DA:375,0
DA:389,0
DA:391,0
LF:111
LH:0
BRDA:61,0,0,0
BRDA:63,1,0,0
BRDA:63,1,1,0
BRDA:63,2,0,0
BRDA:63,2,1,0
BRDA:75,3,0,0
BRDA:75,3,1,0
BRDA:81,4,0,0
BRDA:81,4,1,0
BRDA:82,5,0,0
BRDA:82,5,1,0
BRDA:85,6,0,0
BRDA:85,6,1,0
BRDA:93,7,0,0
BRDA:93,7,1,0
BRDA:113,8,0,0
BRDA:113,8,1,0
BRDA:114,9,0,0
BRDA:114,9,1,0
BRDA:119,10,0,0
BRDA:119,10,1,0
BRDA:120,11,0,0
BRDA:120,11,1,0
BRDA:121,12,0,0
BRDA:121,12,1,0
BRDA:124,13,0,0
BRDA:124,13,1,0
BRDA:128,14,0,0
BRDA:128,14,1,0
BRDA:138,15,0,0
BRDA:138,15,1,0
BRDA:156,16,0,0
BRDA:156,16,1,0
BRDA:167,17,0,0
BRDA:167,17,1,0
BRDA:182,18,0,0
BRDA:182,18,1,0
BRDA:189,19,0,0
BRDA:189,19,1,0
BRDA:189,20,0,0
BRDA:189,20,1,0
BRDA:197,21,0,0
BRDA:197,21,1,0
BRDA:204,22,0,0
BRDA:204,22,1,0
BRDA:206,23,0,0
BRDA:206,23,1,0
BRDA:211,24,0,0
BRDA:211,24,1,0
BRDA:214,25,0,0
BRDA:214,25,1,0
BRDA:227,26,0,0
BRDA:227,26,1,0
BRDA:246,27,0,0
BRDA:246,27,1,0
BRDA:250,28,0,0
BRDA:250,28,1,0
BRDA:251,29,0,0
BRDA:251,29,1,0
BRDA:254,30,0,0
BRDA:254,30,1,0
BRDA:265,31,0,0
BRDA:265,31,1,0
BRDA:276,32,0,0
BRDA:276,32,1,0
BRDA:286,33,0,0
BRDA:286,33,1,0
BRDA:290,34,0,0
BRDA:290,34,1,0
BRDA:290,35,0,0
BRDA:290,35,1,0
BRDA:299,36,0,0
BRDA:299,36,1,0
BRDA:309,37,0,0
BRDA:309,37,1,0
BRDA:357,38,0,0
BRDA:357,38,1,0
BRDA:359,39,0,0
BRDA:359,39,1,0
BRDA:389,40,0,0
BRDA:389,40,1,0
BRF:81
BRH:0
end_of_record
TN:
SF:src/app/api/teacher/ask/route.ts
FN:18,POST
FN:38,(anonymous_1)
FN:40,(anonymous_2)
FNF:3
FNH:0
FNDA:0,POST
FNDA:0,(anonymous_1)
FNDA:0,(anonymous_2)
DA:1,0
DA:3,0
DA:4,0
DA:9,0
DA:14,0
DA:16,0
DA:18,0
DA:19,0
DA:20,0
DA:21,0
DA:23,0
DA:24,0
DA:29,0
DA:30,0
DA:31,0
DA:37,0
DA:38,0
DA:41,0
DA:45,0
DA:53,0
DA:68,0
DA:69,0
DA:72,0
DA:75,0
DA:76,0
DA:78,0
DA:79,0
LF:27
LH:0
BRDA:21,0,0,0
BRDA:21,0,1,0
BRDA:23,1,0,0
BRDA:23,1,1,0
BRDA:29,2,0,0
BRDA:29,2,1,0
BRDA:48,3,0,0
BRDA:48,3,1,0
BRDA:68,4,0,0
BRDA:68,4,1,0
BRF:10
BRH:0
end_of_record
TN:
SF:src/app/api/teacher/call/[id]/resolve/route.ts
FN:6,POST
FNF:1
FNH:0
FNDA:0,POST
DA:1,0
DA:3,0
DA:4,0
DA:6,0
DA:10,0
DA:11,0
DA:12,0
DA:13,0
DA:15,0
DA:16,0
LF:10
LH:0
BRF:0
BRH:0
end_of_record
TN:
SF:src/app/api/teacher/concept/retaught/route.ts
FN:30,buildProbeExercise
FN:70,(anonymous_1)
FN:108,POST
FN:121,(anonymous_3)
FN:147,(anonymous_4)
FN:150,(anonymous_5)
FNF:6
FNH:0
FNDA:0,buildProbeExercise
FNDA:0,(anonymous_1)
FNDA:0,POST
FNDA:0,(anonymous_3)
FNDA:0,(anonymous_4)
FNDA:0,(anonymous_5)
DA:1,0
DA:3,0
DA:4,0
DA:16,0
DA:17,0
DA:18,0
DA:32,0
DA:33,0
DA:34,0
DA:53,0
DA:59,0
DA:60,0
DA:62,0
DA:70,0
DA:71,0
DA:77,0
DA:78,0
DA:108,0
DA:109,0
DA:110,0
DA:111,0
DA:112,0
DA:113,0
DA:120,0
DA:121,0
DA:122,0
DA:123,0
DA:128,0
DA:130,0
DA:131,0
DA:132,0
DA:142,0
DA:144,0
DA:146,0
DA:149,0
DA:150,0
DA:151,0
DA:153,0
DA:156,0
DA:157,0
DA:164,0
DA:172,0
DA:175,0
DA:180,0
DA:185,0
DA:190,0
DA:195,0
DA:196,0
DA:199,0
DA:201,0
DA:207,0
DA:209,0
DA:210,0
LF:53
LH:0
BRDA:32,0,0,0
BRDA:32,0,1,0
BRDA:62,1,0,0
BRDA:62,1,1,0
BRDA:70,2,0,0
BRDA:70,2,1,0
BRDA:112,3,0,0
BRDA:112,3,1,0
BRDA:122,4,0,0
BRDA:122,4,1,0
BRDA:131,5,0,0
BRDA:131,5,1,0
BRDA:151,6,0,0
BRDA:151,6,1,0
BRDA:156,7,0,0
BRDA:156,7,1,0
BRF:16
BRH:0
end_of_record
TN:
SF:src/app/api/teacher/course/publish/route.ts
FN:18,initialStatus
FN:25,(anonymous_1)
FN:27,(anonymous_2)
FN:34,POST
FN:63,(anonymous_4)
FNF:5
FNH:0
FNDA:0,initialStatus
FNDA:0,(anonymous_1)
FNDA:0,(anonymous_2)
FNDA:0,POST
FNDA:0,(anonymous_4)
DA:1,0
DA:2,0
DA:12,0
DA:15,0
DA:23,0
DA:24,0
DA:25,0
DA:27,0
DA:28,0
DA:29,0
DA:31,0
DA:34,0
DA:36,0
DA:37,0
DA:38,0
DA:40,0
DA:41,0
DA:48,0
DA:53,0
DA:56,0
DA:59,0
DA:61,0
DA:62,0
DA:63,0
DA:66,0
DA:67,0
DA:69,0
DA:70,0
DA:72,0
DA:77,0
DA:83,0
DA:84,0
DA:87,0
DA:91,0
DA:92,0
DA:100,0
DA:102,0
DA:103,0
LF:38
LH:0
BRDA:23,0,0,0
BRDA:23,0,1,0
BRDA:29,1,0,0
BRDA:29,1,1,0
BRDA:31,2,0,0
BRDA:31,2,1,0
BRDA:37,3,0,0
BRDA:37,3,1,0
BRDA:40,4,0,0
BRDA:40,4,1,0
BRDA:40,5,0,0
BRDA:40,5,1,0
BRDA:70,6,0,0
BRDA:70,6,1,0
BRF:14
BRH:0
end_of_record
TN:
SF:src/app/api/teacher/course/upload/route.ts
FN:47,buildEnrichmentPrompt
FN:80,isValidConcept
FN:93,isValidViz
FN:103,sanitizeGraph
FN:114,(anonymous_4)
FN:115,(anonymous_5)
FN:117,(anonymous_6)
FN:124,POST
FN:192,(anonymous_8)
FNF:9
FNH:0
FNDA:0,buildEnrichmentPrompt
FNDA:0,isValidConcept
FNDA:0,isValidViz
FNDA:0,sanitizeGraph
FNDA:0,(anonymous_4)
FNDA:0,(anonymous_5)
FNDA:0,(anonymous_6)
FNDA:0,POST
FNDA:0,(anonymous_8)
DA:1,0
DA:2,0
DA:3,0
DA:4,0
DA:13,0
DA:17,0
DA:27,0
DA:36,0
DA:48,0
DA:81,0
DA:82,0
DA:83,0
DA:94,0
DA:95,0
DA:96,0
DA:104,0
DA:105,0
DA:107,0
DA:110,0
DA:111,0
DA:112,0
DA:114,0
DA:115,0
DA:117,0
DA:119,0
DA:124,0
DA:125,0
DA:130,0
DA:131,0
DA:132,0
DA:135,0
DA:142,0
DA:145,0
DA:146,0
DA:151,0
DA:152,0
DA:153,0
DA:159,0
DA:163,0
DA:164,0
DA:165,0
DA:166,0
DA:168,0
DA:187,0
DA:188,0
DA:191,0
DA:192,0
DA:195,0
DA:198,0
DA:199,0
DA:203,0
DA:205,0
DA:206,0
DA:207,0
DA:209,0
DA:211,0
DA:213,0
DA:218,0
DA:219,0
DA:221,0
DA:223,0
DA:229,0
DA:232,0
DA:237,0
DA:238,0
DA:240,0
DA:250,0
LF:67
LH:0
BRDA:81,0,0,0
BRDA:81,0,1,0
BRDA:81,1,0,0
BRDA:81,1,1,0
BRDA:84,2,0,0
BRDA:84,2,1,0
BRDA:84,2,2,0
BRDA:84,2,3,0
BRDA:84,2,4,0
BRDA:84,2,5,0
BRDA:94,3,0,0
BRDA:94,3,1,0
BRDA:94,4,0,0
BRDA:94,4,1,0
BRDA:97,5,0,0
BRDA:97,5,1,0
BRDA:97,5,2,0
BRDA:97,5,3,0
BRDA:97,5,4,0
BRDA:97,5,5,0
BRDA:104,6,0,0
BRDA:104,6,1,0
BRDA:104,7,0,0
BRDA:104,7,1,0
BRDA:107,8,0,0
BRDA:107,8,1,0
BRDA:107,9,0,0
BRDA:107,9,1,0
BRDA:110,10,0,0
BRDA:110,10,1,0
BRDA:112,11,0,0
BRDA:112,11,1,0
BRDA:130,12,0,0
BRDA:130,12,1,0
BRDA:131,13,0,0
BRDA:131,13,1,0
BRDA:145,14,0,0
BRDA:145,14,1,0
BRDA:145,15,0,0
BRDA:145,15,1,0
BRDA:198,16,0,0
BRDA:198,16,1,0
BRDA:203,17,0,0
BRDA:203,17,1,0
BRDA:206,18,0,0
BRDA:206,18,1,0
BRDA:207,19,0,0
BRDA:207,19,1,0
BRF:48
BRH:0
end_of_record
TN:
SF:src/app/api/teacher/course/visualize/route.ts
FN:17,POST
FNF:1
FNH:0
FNDA:0,POST
DA:1,0
DA:2,0
DA:5,0
DA:7,0
DA:17,0
DA:18,0
DA:24,0
DA:25,0
DA:26,0
DA:27,0
DA:29,0
DA:32,0
DA:43,0
DA:46,0
DA:47,0
DA:73,0
DA:74,0
DA:77,0
DA:80,0
LF:19
LH:0
BRDA:24,0,0,0
BRDA:24,0,1,0
BRDA:26,1,0,0
BRDA:26,1,1,0
BRDA:27,2,0,0
BRDA:27,2,1,0
BRDA:29,3,0,0
BRDA:29,3,1,0
BRDA:32,4,0,0
BRDA:32,4,1,0
BRDA:57,5,0,0
BRDA:57,5,1,0
BRDA:58,6,0,0
BRDA:58,6,1,0
BRDA:60,7,0,0
BRDA:60,7,1,0
BRDA:73,8,0,0
BRDA:73,8,1,0
BRDA:73,9,0,0
BRDA:73,9,1,0
BRF:20
BRH:0
end_of_record
TN:
SF:src/app/api/teacher/dashboard/route.ts
FN:18,GET
FN:43,(anonymous_1)
FN:55,(anonymous_2)
FNF:3
FNH:0
FNDA:0,GET
FNDA:0,(anonymous_1)
FNDA:0,(anonymous_2)
DA:1,0
DA:3,0
DA:4,0
DA:15,0
DA:18,0
DA:19,0
DA:30,0
DA:42,0
DA:43,0
DA:46,0
DA:55,0
DA:60,0
DA:62,0
DA:63,0
LF:14
LH:0
BRF:0
BRH:0
end_of_record
TN:
SF:src/app/api/teacher/deadline/route.ts
FN:13,POST
FNF:1
FNH:0
FNDA:0,POST
DA:1,0
DA:3,0
DA:4,0
DA:9,0
DA:10,0
DA:13,0
DA:14,0
DA:15,0
DA:16,0
DA:17,0
DA:19,0
DA:20,0
DA:27,0
DA:28,0
DA:34,0
DA:40,0
DA:43,0
DA:44,0
DA:45,0
DA:53,0
DA:55,0
DA:56,0
DA:58,0
DA:60,0
DA:61,0
LF:25
LH:0
BRDA:16,0,0,0
BRDA:16,0,1,0
BRDA:17,1,0,0
BRDA:17,1,1,0
BRDA:19,2,0,0
BRDA:19,2,1,0
BRDA:19,3,0,0
BRDA:19,3,1,0
BRDA:27,4,0,0
BRDA:27,4,1,0
BRF:10
BRH:0
end_of_record
TN:
SF:src/app/teacher/course/page.tsx
FN:25,ConceptCard
FN:29,handleAddViz
FN:195,AgentStepLog
FN:219,(anonymous_12)
FN:258,VizPreviewRow
FN:281,(anonymous_14)
FN:318,UploadArea
FN:325,handleFileChange
FN:330,(anonymous_17)
FN:337,handleUpload
FN:407,(anonymous_19)
FN:441,(anonymous_20)
FN:478,(anonymous_21)
FN:561,TeacherCoursePage
FN:569,handleUploadResult
FN:575,handlePublish
FN:710,(anonymous_25)
FN:806,(anonymous_26)
FNF:18
FNH:0
FNDA:0,ConceptCard
FNDA:0,handleAddViz
FNDA:0,AgentStepLog
FNDA:0,(anonymous_12)
FNDA:0,VizPreviewRow
FNDA:0,(anonymous_14)
FNDA:0,UploadArea
FNDA:0,handleFileChange
FNDA:0,(anonymous_17)
FNDA:0,handleUpload
FNDA:0,(anonymous_19)
FNDA:0,(anonymous_20)
FNDA:0,(anonymous_21)
FNDA:0,TeacherCoursePage
FNDA:0,handleUploadResult
FNDA:0,handlePublish
FNDA:0,(anonymous_25)
FNDA:0,(anonymous_26)
DA:3,0
DA:4,0
DA:5,0
DA:6,0
DA:7,0
DA:8,0
DA:9,0
DA:26,0
DA:27,0
DA:30,0
DA:31,0
DA:32,0
DA:33,0
DA:34,0
DA:38,0
DA:42,0
DA:43,0
DA:45,0
DA:196,0
DA:220,0
DA:259,0
DA:260,0
DA:282,0
DA:319,0
DA:320,0
DA:321,0
DA:322,0
DA:323,0
DA:326,0
DA:327,0
DA:328,0
DA:329,0
DA:330,0
DA:331,0
DA:332,0
DA:334,0
DA:338,0
DA:339,0
DA:340,0
DA:341,0
DA:342,0
DA:346,0
DA:348,0
DA:350,0
DA:354,0
DA:407,0
DA:441,0
DA:478,0
DA:561,0
DA:562,0
DA:564,0
DA:565,0
DA:566,0
DA:567,0
DA:570,0
DA:571,0
DA:572,0
DA:576,0
DA:577,0
DA:578,0
DA:579,0
DA:580,0
DA:583,0
DA:585,0
DA:590,0
DA:591,0
DA:647,0
DA:648,0
DA:650,0
DA:710,0
DA:807,0
LF:71
LH:0
BRDA:30,0,0,0
BRDA:30,0,1,0
BRDA:96,1,0,0
BRDA:96,1,1,0
BRDA:135,2,0,0
BRDA:135,2,1,0
BRDA:139,3,0,0
BRDA:139,3,1,0
BRDA:142,4,0,0
BRDA:142,4,1,0
BRDA:143,5,0,0
BRDA:143,5,1,0
BRDA:147,6,0,0
BRDA:147,6,1,0
BRDA:157,7,0,0
BRDA:157,7,1,0
BRDA:162,8,0,0
BRDA:162,8,1,0
BRDA:168,9,0,0
BRDA:168,9,1,0
BRDA:259,10,0,0
BRDA:259,10,1,0
BRDA:303,11,0,0
BRDA:303,11,1,0
BRDA:304,12,0,0
BRDA:304,12,1,0
BRDA:327,13,0,0
BRDA:327,13,1,0
BRDA:328,14,0,0
BRDA:328,14,1,0
BRDA:332,15,0,0
BRDA:332,15,1,0
BRDA:338,16,0,0
BRDA:338,16,1,0
BRDA:343,17,0,0
BRDA:343,17,1,0
BRDA:344,18,0,0
BRDA:344,18,1,0
BRDA:348,19,0,0
BRDA:348,19,1,0
BRDA:501,20,0,0
BRDA:501,20,1,0
BRDA:522,21,0,0
BRDA:522,21,1,0
BRDA:523,22,0,0
BRDA:523,22,1,0
BRDA:527,23,0,0
BRDA:527,23,1,0
BRDA:534,24,0,0
BRDA:534,24,1,0
BRDA:576,25,0,0
BRDA:576,25,1,0
BRDA:576,26,0,0
BRDA:576,26,1,0
BRDA:590,27,0,0
BRDA:590,27,1,0
BRDA:729,28,0,0
BRDA:729,28,1,0
BRDA:735,29,0,0
BRDA:735,29,1,0
BRDA:737,30,0,0
BRDA:737,30,1,0
BRDA:740,31,0,0
BRDA:740,31,1,0
BRDA:742,32,0,0
BRDA:742,32,1,0
BRDA:745,33,0,0
BRDA:745,33,1,0
BRDA:748,34,0,0
BRDA:748,34,1,0
BRDA:748,35,0,0
BRDA:748,35,1,0
BRDA:755,36,0,0
BRDA:755,36,1,0
BRDA:757,37,0,0
BRDA:757,37,1,0
BRF:76
BRH:0
end_of_record
TN:
SF:src/lib/agent/events.ts
FN:4,makeEvent
FNF:1
FNH:0
FNDA:0,makeEvent
DA:1,0
DA:4,0
DA:9,0
LF:3
LH:0
BRF:0
BRH:0
end_of_record
TN:
SF:src/lib/agent/exercise.ts
FN:7,getNextExercise
FNF:1
FNH:0
FNDA:0,getNextExercise
DA:1,0
DA:2,0
DA:3,0
DA:7,0
DA:8,0
DA:9,0
DA:10,0
DA:24,0
DA:25,0
DA:27,0
DA:32,0
DA:33,0
DA:34,0
LF:13
LH:0
BRDA:8,0,0,0
BRDA:8,0,1,0
BRDA:27,1,0,0
BRDA:27,1,1,0
BRDA:33,2,0,0
BRDA:33,2,1,0
BRF:6
BRH:0
end_of_record
TN:
SF:src/lib/data/repo.ts
FN:41,(anonymous_0)
FN:42,(anonymous_1)
FN:43,(anonymous_2)
FN:44,(anonymous_3)
FN:58,(anonymous_4)
FN:64,ensureSeeded
FN:66,(anonymous_6)
FN:73,(anonymous_7)
FN:113,getStudents
FN:118,(anonymous_9)
FN:120,(anonymous_10)
FN:123,getStudent
FN:128,saveStudent
FN:133,getMastery
FN:138,saveMastery
FN:146,getConceptGraph
FN:151,getFeed
FN:159,pushFeed
FN:164,getExercises
FN:167,(anonymous_19)
FN:170,getExerciseById
FN:172,(anonymous_21)
FN:175,addExercise
FN:183,getMisconceptions
FN:188,saveMisconceptions
FN:195,pushSubmission
FN:199,getSubmissions
FN:208,getTeacher
FN:213,getActivity
FN:218,getClassStats
FN:223,getTopicMastery
FN:228,getInsight
FN:234,getActiveCourse
FN:249,saveCourse
FN:254,getActiveConceptGraph
FN:259,saveActiveConceptGraph
FN:266,getDeadline
FN:271,saveDeadline
FN:276,getCallRequests
FN:281,pushCallRequest
FN:288,resolveCallRequest
FN:291,(anonymous_41)
FN:298,saveActivity
FN:308,peekReprobe
FN:314,pushReprobe
FN:322,popReprobe
FN:334,clearReprobe
FNF:47
FNH:25
FNDA:35,(anonymous_0)
FNDA:44,(anonymous_1)
FNDA:70,(anonymous_2)
FNDA:0,(anonymous_3)
FNDA:14,(anonymous_4)
FNDA:57,ensureSeeded
FNDA:7,(anonymous_6)
FNDA:35,(anonymous_7)
FNDA:0,getStudents
FNDA:0,(anonymous_9)
FNDA:0,(anonymous_10)
FNDA:0,getStudent
FNDA:0,saveStudent
FNDA:6,getMastery
FNDA:3,saveMastery
FNDA:0,getConceptGraph
FNDA:0,getFeed
FNDA:0,pushFeed
FNDA:0,getExercises
FNDA:0,(anonymous_19)
FNDA:0,getExerciseById
FNDA:0,(anonymous_21)
FNDA:0,addExercise
FNDA:0,getMisconceptions
FNDA:0,saveMisconceptions
FNDA:0,pushSubmission
FNDA:0,getSubmissions
FNDA:0,getTeacher
FNDA:2,getActivity
FNDA:0,getClassStats
FNDA:0,getTopicMastery
FNDA:0,getInsight
FNDA:3,getActiveCourse
FNDA:1,saveCourse
FNDA:3,getActiveConceptGraph
FNDA:1,saveActiveConceptGraph
FNDA:3,getDeadline
FNDA:1,saveDeadline
FNDA:26,getCallRequests
FNDA:10,pushCallRequest
FNDA:4,resolveCallRequest
FNDA:6,(anonymous_41)
FNDA:1,saveActivity
FNDA:4,peekReprobe
FNDA:5,pushReprobe
FNDA:2,popReprobe
FNDA:1,clearReprobe
DA:1,7
DA:2,7
DA:3,7
DA:20,7
DA:38,7
DA:41,35
DA:42,44
DA:43,70
DA:44,0
DA:58,14
DA:61,7
DA:64,7
DA:65,57
DA:66,7
DA:67,7
DA:68,7
DA:69,7
DA:71,7
DA:73,35
DA:75,7
DA:76,35
DA:77,35
DA:79,35
DA:80,35
DA:81,35
DA:83,7
DA:84,7
DA:85,7
DA:86,7
DA:87,7
DA:88,7
DA:89,7
DA:92,7
DA:100,7
DA:101,7
DA:103,7
DA:104,7
DA:106,7
DA:107,7
DA:109,7
DA:113,7
DA:114,0
DA:115,0
DA:116,0
DA:117,0
DA:118,0
DA:120,0
DA:123,7
DA:124,0
DA:125,0
DA:128,7
DA:129,0
DA:133,7
DA:134,6
DA:135,6
DA:138,7
DA:142,3
DA:146,7
DA:147,0
DA:151,7
DA:155,0
DA:156,0
DA:159,7
DA:160,0
DA:164,7
DA:165,0
DA:166,0
DA:167,0
DA:170,7
DA:171,0
DA:172,0
DA:175,7
DA:176,0
DA:177,0
DA:178,0
DA:179,0
DA:183,7
DA:184,0
DA:185,0
DA:188,7
DA:191,0
DA:195,7
DA:196,0
DA:199,7
DA:203,0
DA:204,0
DA:208,7
DA:209,0
DA:210,0
DA:213,7
DA:214,2
DA:215,2
DA:218,7
DA:219,0
DA:220,0
DA:223,7
DA:224,0
DA:225,0
DA:228,7
DA:229,0
DA:230,0
DA:234,7
DA:235,3
DA:236,3
DA:237,3
DA:239,1
DA:249,7
DA:250,1
DA:254,7
DA:255,3
DA:256,3
DA:259,7
DA:262,1
DA:266,7
DA:267,3
DA:268,3
DA:271,7
DA:272,1
DA:276,7
DA:277,26
DA:278,26
DA:281,7
DA:282,10
DA:283,10
DA:284,10
DA:285,10
DA:288,7
DA:289,4
DA:290,4
DA:291,4
DA:292,6
DA:294,4
DA:298,7
DA:299,1
DA:308,7
DA:309,4
DA:310,4
DA:314,7
DA:318,5
DA:322,7
DA:323,2
DA:324,2
DA:325,1
DA:326,1
DA:327,1
DA:328,1
DA:330,1
DA:334,7
DA:335,1
LF:149
LH:112
BRDA:65,0,0,50
BRDA:65,0,1,7
BRDA:69,1,0,0
BRDA:69,1,1,7
BRDA:77,2,0,35
BRDA:77,2,1,0
BRDA:80,3,0,35
BRDA:80,3,1,28
BRDA:116,4,0,0
BRDA:116,4,1,0
BRDA:135,5,0,6
BRDA:135,5,1,0
BRDA:153,6,0,0
BRDA:166,7,0,0
BRDA:166,7,1,0
BRDA:167,8,0,0
BRDA:167,8,1,0
BRDA:172,9,0,0
BRDA:172,9,1,0
BRDA:177,10,0,0
BRDA:177,10,1,0
BRDA:185,11,0,0
BRDA:185,11,1,0
BRDA:201,12,0,0
BRDA:210,13,0,0
BRDA:210,13,1,0
BRDA:215,14,0,2
BRDA:215,14,1,0
BRDA:220,15,0,0
BRDA:220,15,1,0
BRDA:225,16,0,0
BRDA:225,16,1,0
BRDA:230,17,0,0
BRDA:230,17,1,0
BRDA:237,18,0,2
BRDA:237,18,1,1
BRDA:256,19,0,3
BRDA:256,19,1,2
BRDA:278,20,0,26
BRDA:278,20,1,7
BRDA:292,21,0,3
BRDA:292,21,1,3
BRDA:310,22,0,4
BRDA:310,22,1,2
BRDA:324,23,0,1
BRDA:324,23,1,1
BRF:46
BRH:20
end_of_record
TN:
SF:src/lib/domain/conceptGraph.ts
FN:89,(anonymous_0)
FN:92,conceptLabel
FN:97,prerequisitesOf
FNF:3
FNH:3
FNDA:81,(anonymous_0)
FNDA:2,conceptLabel
FNDA:3,prerequisitesOf
DA:13,9
DA:88,9
DA:89,81
DA:92,9
DA:93,2
DA:97,9
DA:98,3
LF:7
LH:7
BRDA:93,0,0,2
BRDA:93,0,1,1
BRDA:98,1,0,3
BRDA:98,1,1,1
BRF:4
BRH:4
end_of_record
TN:
SF:src/lib/domain/mastery.ts
FN:13,masteryStatus
FN:21,studentStatus
FN:36,updateMastery
FN:45,pct
FNF:4
FNH:4
FNDA:273,masteryStatus
FNDA:6,studentStatus
FNDA:7,updateMastery
FNDA:4,pct
DA:8,8
DA:9,8
DA:10,8
DA:13,8
DA:14,273
DA:15,272
DA:16,130
DA:17,23
DA:21,8
DA:25,6
DA:26,4
DA:27,2
DA:28,1
DA:36,8
DA:41,7
DA:42,7
DA:45,8
DA:46,4
LF:18
LH:18
BRDA:13,0,0,6
BRDA:14,1,0,1
BRDA:14,1,1,272
BRDA:15,2,0,142
BRDA:15,2,1,130
BRDA:16,3,0,107
BRDA:16,3,1,23
BRDA:25,4,0,2
BRDA:25,4,1,4
BRDA:26,5,0,2
BRDA:26,5,1,2
BRDA:27,6,0,1
BRDA:27,6,1,1
BRDA:41,7,0,5
BRDA:41,7,1,2
BRF:15
BRH:15
end_of_record
TN:
SF:src/lib/llm/client.ts
FN:20,(anonymous_0)
FN:44,call
FN:57,(anonymous_2)
FN:69,(anonymous_3)
FN:84,chat
FN:92,chatJSON
FN:101,vision
FN:120,parseJSON
FN:137,genId
FNF:9
FNH:3
FNDA:4,(anonymous_0)
FNDA:0,call
FNDA:0,(anonymous_2)
FNDA:0,(anonymous_3)
FNDA:0,chat
FNDA:0,chatJSON
FNDA:0,vision
FNDA:6,parseJSON
FNDA:103,genId
DA:1,1
DA:9,1
DA:12,1
DA:13,1
DA:14,1
DA:15,1
DA:17,1
DA:19,1
DA:21,4
DA:22,4
DA:45,0
DA:46,0
DA:48,0
DA:54,0
DA:56,0
DA:57,0
DA:58,0
DA:59,0
DA:68,0
DA:69,0
DA:70,0
DA:72,0
DA:75,0
DA:76,0
DA:77,0
DA:79,0
DA:84,1
DA:88,0
DA:92,1
DA:96,0
DA:97,0
DA:101,1
DA:106,0
DA:120,1
DA:121,6
DA:126,6
DA:127,6
DA:130,2
DA:131,2
DA:132,1
DA:137,1
DA:138,103
LF:42
LH:22
BRDA:10,0,0,1
BRDA:10,0,1,1
BRDA:12,1,0,1
BRDA:12,1,1,1
BRDA:13,2,0,1
BRDA:13,2,1,1
BRDA:14,3,0,1
BRDA:14,3,1,1
BRDA:17,4,0,1
BRDA:17,4,1,0
BRDA:45,5,0,0
BRDA:45,5,1,0
BRDA:49,6,0,0
BRDA:49,6,1,0
BRDA:51,7,0,0
BRDA:51,7,1,0
BRDA:52,8,0,0
BRDA:52,8,1,0
BRDA:54,9,0,0
BRDA:54,9,1,0
BRDA:66,10,0,0
BRDA:66,10,1,0
BRDA:68,11,0,0
BRDA:68,11,1,0
BRDA:76,12,0,0
BRDA:76,12,1,0
BRDA:86,13,0,0
BRDA:94,14,0,0
BRDA:104,15,0,0
BRDA:116,16,0,0
BRDA:116,16,1,0
BRDA:116,17,0,0
BRDA:116,17,1,0
BRDA:131,18,0,1
BRDA:131,18,1,1
BRDA:137,19,0,102
BRF:36
BRH:12
end_of_record
TN:
SF:src/lib/seed/data.ts
FN:109,m
FNF:1
FNH:1
FNDA:315,m
DA:12,7
DA:18,7
DA:25,7
DA:115,315
DA:124,7
DA:184,7
DA:185,7
DA:186,7
DA:187,7
DA:189,7
DA:278,7
DA:306,7
DA:307,7
DA:347,7
DA:372,7
DA:378,7
DA:385,7
DA:388,7
LF:18
LH:18
BRDA:113,0,0,308
BRDA:119,1,0,49
BRDA:119,1,1,266
BRF:3
BRH:3
end_of_record
TN:
SF:src/lib/store/kv.ts
FN:21,(anonymous_0)
FN:26,(anonymous_1)
FN:30,(anonymous_2)
FN:33,(anonymous_3)
FN:37,(anonymous_4)
FN:40,(anonymous_5)
FN:45,(anonymous_6)
FN:48,(anonymous_7)
FN:54,(anonymous_8)
FN:56,(anonymous_9)
FN:60,(anonymous_10)
FN:63,(anonymous_11)
FN:66,(anonymous_12)
FN:69,(anonymous_13)
FN:72,(anonymous_14)
FN:74,(anonymous_15)
FN:81,build
FN:92,(anonymous_17)
FN:108,kv
FNF:19
FNH:9
FNDA:14,(anonymous_0)
FNDA:27,(anonymous_1)
FNDA:154,(anonymous_2)
FNDA:32,(anonymous_3)
FNDA:0,(anonymous_4)
FNDA:36,(anonymous_5)
FNDA:6,(anonymous_6)
FNDA:4,(anonymous_7)
FNDA:0,(anonymous_8)
FNDA:0,(anonymous_9)
FNDA:0,(anonymous_10)
FNDA:0,(anonymous_11)
FNDA:0,(anonymous_12)
FNDA:0,(anonymous_13)
FNDA:0,(anonymous_14)
FNDA:0,(anonymous_15)
FNDA:14,build
FNDA:0,(anonymous_17)
FNDA:57,kv
DA:1,6
DA:22,14
DA:23,14
DA:24,14
DA:27,27
DA:28,27
DA:31,154
DA:34,32
DA:35,32
DA:38,0
DA:41,36
DA:42,36
DA:43,36
DA:46,6
DA:47,6
DA:48,6
DA:53,0
DA:54,0
DA:57,0
DA:58,0
DA:61,0
DA:64,0
DA:67,0
DA:70,0
DA:73,0
DA:74,0
DA:79,6
DA:82,14
DA:83,14
DA:84,0
DA:86,0
DA:87,0
DA:92,0
DA:93,0
DA:95,0
DA:96,0
DA:98,0
DA:104,14
DA:105,14
DA:108,6
DA:109,57
DA:110,57
LF:42
LH:23
BRDA:28,0,0,21
BRDA:28,0,1,6
BRDA:38,1,0,0
BRDA:38,1,1,0
BRDA:41,2,0,36
BRDA:41,2,1,10
BRDA:45,3,0,0
BRDA:45,4,0,0
BRDA:46,5,0,6
BRDA:46,5,1,3
BRDA:47,6,0,2
BRDA:47,6,1,4
BRDA:58,7,0,0
BRDA:58,7,1,0
BRDA:72,8,0,0
BRDA:72,9,0,0
BRDA:83,10,0,0
BRDA:83,10,1,14
BRDA:109,11,0,14
BRDA:109,11,1,43
BRF:20
BRH:11
end_of_record
TN:
SF:src/lib/ui/api.ts
FN:29,get
FN:35,post
FN:46,(anonymous_2)
FN:47,(anonymous_3)
FN:49,(anonymous_4)
FN:51,(anonymous_5)
FN:53,(anonymous_6)
FN:57,(anonymous_7)
FN:59,(anonymous_8)
FN:61,(anonymous_9)
FN:63,(anonymous_10)
FN:68,(anonymous_11)
FN:72,(anonymous_12)
FN:74,(anonymous_13)
FN:78,(anonymous_14)
FN:82,(anonymous_15)
FN:84,(anonymous_16)
FN:89,(anonymous_17)
FNF:18
FNH:0
FNDA:0,get
FNDA:0,post
FNDA:0,(anonymous_2)
FNDA:0,(anonymous_3)
FNDA:0,(anonymous_4)
FNDA:0,(anonymous_5)
FNDA:0,(anonymous_6)
FNDA:0,(anonymous_7)
FNDA:0,(anonymous_8)
FNDA:0,(anonymous_9)
FNDA:0,(anonymous_10)
FNDA:0,(anonymous_11)
FNDA:0,(anonymous_12)
FNDA:0,(anonymous_13)
FNDA:0,(anonymous_14)
FNDA:0,(anonymous_15)
FNDA:0,(anonymous_16)
FNDA:0,(anonymous_17)
DA:30,0
DA:31,0
DA:32,0
DA:36,0
DA:41,0
DA:42,0
DA:45,0
DA:46,0
DA:48,0
DA:50,0
DA:52,0
DA:56,0
DA:58,0
DA:60,0
DA:62,0
DA:64,0
DA:69,0
DA:73,0
DA:75,0
DA:79,0
DA:83,0
DA:85,0
DA:90,0
LF:23
LH:0
BRDA:31,0,0,0
BRDA:31,0,1,0
BRDA:41,1,0,0
BRDA:41,1,1,0
BRDA:87,2,0,0
BRDA:87,2,1,0
BRF:6
BRH:0
end_of_record
TN:
SF:src/lib/ui/format.ts
FN:4,renderBold
FN:5,(anonymous_10)
FN:18,formatServerTime
FN:32,clock
FNF:4
FNH:0
FNDA:0,renderBold
FNDA:0,(anonymous_10)
FNDA:0,formatServerTime
FNDA:0,clock
DA:1,0
DA:4,0
DA:5,0
DA:6,0
DA:7,0
DA:13,0
DA:18,0
DA:19,0
DA:24,0
DA:28,0
DA:32,0
DA:33,0
LF:12
LH:0
BRDA:6,0,0,0
BRDA:6,0,1,0
BRDA:6,1,0,0
BRDA:6,1,1,0
BRDA:18,2,0,0
BRF:5
BRH:0
end_of_record
TN:
SF:src/lib/ui/theme.ts
FN:53,statusColor
FN:75,statusChip
FN:89,masteryChip
FNF:3
FNH:0
FNDA:0,statusColor
FNDA:0,statusChip
FNDA:0,masteryChip
DA:7,0
DA:45,0
DA:53,0
DA:54,0
DA:56,0
DA:58,0
DA:60,0
DA:62,0
DA:64,0
DA:75,0
DA:76,0
DA:78,0
DA:80,0
DA:82,0
DA:84,0
DA:89,0
DA:90,0
DA:92,0
DA:94,0
DA:96,0
DA:98,0
DA:100,0
DA:104,0
LF:23
LH:0
BRDA:54,0,0,0
BRDA:54,0,1,0
BRDA:54,0,2,0
BRDA:54,0,3,0
BRDA:54,0,4,0
BRDA:76,1,0,0
BRDA:76,1,1,0
BRDA:76,1,2,0
BRDA:76,1,3,0
BRDA:90,2,0,0
BRDA:90,2,1,0
BRDA:90,2,2,0
BRDA:90,2,3,0
BRDA:90,2,4,0
BRF:14
BRH:0
end_of_record
